--- Startup times for process: Primary (or UI client) ---

times in msec
 clock   self+sourced   self:  sourced script
 clock   elapsed:              other lines

000.000  000.000: --- NVIM STARTING ---
000.063  000.063: event init
000.483  000.420: early init
002.119  001.636: locale set
002.153  000.033: init first window
013.113  010.961: inits 1
013.123  000.010: window checked
013.515  000.391: parsing arguments
014.385  000.047  000.047: require('vim._core.shared')
014.467  000.006  000.006: require('string.buffer')
014.494  000.050  000.044: require('vim.inspect')
014.546  000.044  000.044: require('vim._core.options')
014.549  000.161  000.067: require('vim._core.editor')
014.588  000.037  000.037: require('vim._core.system')
014.591  000.281  000.035: require('vim._init_packages')
014.594  000.798: init lua interpreter
040.832  026.238: nvim_ui_attach
041.085  000.253: nvim_set_client_info
041.087  000.002: --- NVIM STARTED ---

--- Startup times for process: Embedded ---

times in msec
 clock   self+sourced   self:  sourced script
 clock   elapsed:              other lines

000.000  000.000: --- NVIM STARTING ---
000.065  000.065: event init
000.176  000.111: early init
000.510  000.334: locale set
000.530  000.020: init first window
002.339  001.808: inits 1
002.349  000.011: window checked
002.556  000.207: parsing arguments
002.940  000.023  000.023: require('vim._core.shared')
002.979  000.003  000.003: require('string.buffer')
002.992  000.024  000.021: require('vim.inspect')
003.016  000.020  000.020: require('vim._core.options')
003.017  000.076  000.032: require('vim._core.editor')
003.033  000.015  000.015: require('vim._core.system')
003.034  000.132  000.019: require('vim._init_packages')
003.035  000.346: init lua interpreter
006.184  003.149: expanding arguments
006.191  000.007: inits 2
006.384  000.193: init highlight
006.384  000.001: waiting for UI
015.256  008.871: done waiting for UI
015.261  000.005: clear screen
015.362  000.011  000.011: require('vim.keymap')
016.019  000.099  000.099: sourcing nvim_exec2()
016.040  000.005  000.005: require('vim._core.log')
024.562  009.297  009.182: require('vim._core.defaults')
024.564  000.006: init default mappings & autocommands
026.217  000.470  000.470: sourcing /opt/homebrew/Cellar/neovim/0.12.0/share/nvim/runtime/ftplugin.vim
026.544  000.266  000.266: sourcing /opt/homebrew/Cellar/neovim/0.12.0/share/nvim/runtime/indent.vim
028.476  000.379  000.379: require('vim._async')
028.988  000.509  000.509: require('vim.version')
029.032  002.020  001.131: require('vim.pack')
029.061  000.022  000.022: require('vim.fs')
029.555  000.004  000.004: require('vim.F')
034.484  000.392  000.392: require('tokyonight.config')
034.486  000.934  000.542: require('tokyonight')
034.734  000.236  000.236: require('tokyonight.theme')
035.355  000.297  000.297: require('tokyonight.util')
035.357  000.567  000.270: require('tokyonight.colors')
036.059  000.488  000.488: require('tokyonight.hsluv')
036.894  000.503  000.503: require('tokyonight.groups')
039.144  005.819  003.092: sourcing /Users/artur.carvalho/.local/share/nvim/site/pack/core/opt/tokyonight.nvim/colors/tokyonight.lua
039.837  000.667  000.667: require('blink.cmp')
040.699  000.356  000.356: require('blink.cmp.config.utils')
040.984  000.283  000.283: require('blink.cmp.config.keymap')
041.515  000.215  000.215: require('blink.cmp.config.completion.keyword')
041.756  000.240  000.240: require('blink.cmp.config.completion.trigger')
041.938  000.181  000.181: require('blink.cmp.config.completion.list')
042.270  000.332  000.332: require('blink.cmp.config.completion.accept')
042.536  000.264  000.264: require('blink.cmp.config.completion.menu')
042.833  000.296  000.296: require('blink.cmp.config.completion.documentation')
043.044  000.210  000.210: require('blink.cmp.config.completion.ghost_text')
043.045  002.060  000.322: require('blink.cmp.config.completion')
043.356  000.309  000.309: require('blink.cmp.config.fuzzy')
043.636  000.279  000.279: require('blink.cmp.config.sources')
043.910  000.273  000.273: require('blink.cmp.config.signature')
044.145  000.234  000.234: require('blink.cmp.config.snippets')
044.363  000.218  000.218: require('blink.cmp.config.appearance')
044.570  000.206  000.206: require('blink.cmp.config.modes.cmdline')
044.742  000.171  000.171: require('blink.cmp.config.modes.term')
044.743  004.897  000.507: require('blink.cmp.config')
045.691  000.167  000.167: require('blink.cmp.config.modes.types')
046.806  000.440  000.440: require('blink.cmp.lib.async')
047.701  000.431  000.431: require('blink.cmp.lib.utils')
047.976  000.273  000.273: require('blink.cmp.fuzzy.download.system')
047.995  001.025  000.321: require('blink.cmp.fuzzy.download.files')
047.996  001.189  000.164: require('blink.cmp.fuzzy.download.git')
047.999  002.073  000.444: require('blink.cmp.fuzzy.download')
052.206  001.114  001.114: require('mini.pairs')
056.246  000.397  000.397: require('vim.func')
056.502  000.231  000.231: require('vim.func._memoize')
056.513  001.828  001.201: require('fzf-lua.utils')
057.310  000.301  000.301: require('fzf-lua.lib.base64')
057.714  000.402  000.402: require('fzf-lua.lib.serpent')
057.717  001.203  000.499: require('fzf-lua.libuv')
057.723  003.664  000.633: require('fzf-lua.path')
059.729  000.970  000.970: require('fzf-lua.actions')
060.380  000.269  000.269: require('fzf-lua.class')
060.412  000.681  000.412: require('fzf-lua.devicons')
061.980  000.329  000.329: require('fzf-lua.previewer')
062.278  001.865  001.535: require('fzf-lua.defaults')
062.287  004.563  001.048: require('fzf-lua.config')
062.618  000.211  000.211: sourcing /Users/artur.carvalho/.local/share/nvim/site/pack/core/opt/fzf-lua/autoload/fzf_lua.vim
062.625  000.300  000.089: sourcing nvim_exec2() called at /Users/artur.carvalho/.config/nvim/init.lua:0
064.751  001.454  001.454: require('fzf-lua.win')
066.229  000.324  000.324: require('fzf-lua.fzf')
066.741  000.510  000.510: require('fzf-lua.shell')
066.748  001.995  001.160: require('fzf-lua.core')
067.304  000.552  000.552: require('fzf-lua.make_entry')
067.309  014.336  001.808: require('fzf-lua')
071.377  000.925  000.925: require('vim.lsp.protocol')
071.397  001.345  000.420: require('vim.lsp.log')
072.474  001.075  001.075: require('vim.lsp.util')
073.253  000.336  000.336: require('vim.lsp.sync')
073.256  000.780  000.444: require('vim.lsp._changetracking')
073.969  000.268  000.268: require('vim.lsp._transport')
073.974  000.003  000.003: require('vim._core.stringbuffer')
074.009  000.752  000.481: require('vim.lsp.rpc')
074.046  005.203  001.250: require('vim.lsp')
074.665  000.260  000.260: require('blink.cmp.lib.event_emitter')
074.668  000.621  000.361: require('blink.cmp.sources.lib')
076.347  049.691  012.750: sourcing /Users/artur.carvalho/.config/nvim/init.lua
076.357  001.367: sourcing vimrc file(s)
077.273  000.138  000.138: sourcing /Applications/Ghostty.app/Contents/Resources/ghostty/../nvim/site/ftdetect/ghostty.vim
077.287  000.502  000.365: sourcing nvim_exec2() called at /opt/homebrew/Cellar/neovim/0.12.0/share/nvim/runtime/filetype.lua:0
077.288  000.841  000.339: sourcing /opt/homebrew/Cellar/neovim/0.12.0/share/nvim/runtime/filetype.lua
077.728  000.120  000.120: sourcing /opt/homebrew/Cellar/neovim/0.12.0/share/nvim/runtime/syntax/synload.vim
077.783  000.438  000.318: sourcing /opt/homebrew/Cellar/neovim/0.12.0/share/nvim/runtime/syntax/syntax.vim
080.825  000.147  000.147: sourcing /Users/artur.carvalho/.local/share/nvim/site/pack/core/opt/fzf-lua/plugin/fzf-lua.lua
083.830  000.313  000.313: require('vim.treesitter.language')
084.164  000.333  000.333: require('vim.treesitter._range')
084.185  001.162  000.515: require('vim.treesitter.query')
084.192  002.061  000.900: require('vim.treesitter.languagetree')
084.195  002.534  000.473: require('vim.treesitter')
084.282  002.814  000.280: sourcing /Users/artur.carvalho/.local/share/nvim/site/pack/core/opt/nvim-treesitter/plugin/filetypes.lua
084.488  000.152  000.152: sourcing /Users/artur.carvalho/.local/share/nvim/site/pack/core/opt/nvim-treesitter/plugin/nvim-treesitter.lua
084.663  000.123  000.123: sourcing /Users/artur.carvalho/.local/share/nvim/site/pack/core/opt/nvim-treesitter/plugin/query_predicates.lua
085.286  000.220  000.220: sourcing /Users/artur.carvalho/.local/share/nvim/site/pack/core/opt/blink.cmp/plugin/blink-cmp.lua
086.000  000.319  000.319: sourcing /Users/artur.carvalho/.local/share/nvim/site/pack/core/opt/nvim-lspconfig/plugin/lspconfig.lua
087.173  000.207  000.207: sourcing /opt/homebrew/Cellar/neovim/0.12.0/share/nvim/runtime/plugin/gzip.vim
088.825  000.461  000.461: sourcing /opt/homebrew/Cellar/neovim/0.12.0/share/nvim/runtime/pack/dist/opt/matchit/plugin/matchit.vim
088.868  001.645  001.184: sourcing /opt/homebrew/Cellar/neovim/0.12.0/share/nvim/runtime/plugin/matchit.vim
089.207  000.289  000.289: sourcing /opt/homebrew/Cellar/neovim/0.12.0/share/nvim/runtime/plugin/matchparen.vim
090.434  000.225  000.225: sourcing /opt/homebrew/Cellar/neovim/0.12.0/share/nvim/runtime/pack/dist/opt/netrw/plugin/netrwPlugin.vim
090.500  001.248  001.023: sourcing /opt/homebrew/Cellar/neovim/0.12.0/share/nvim/runtime/plugin/netrwPlugin.vim
090.846  000.293  000.293: sourcing /opt/homebrew/Cellar/neovim/0.12.0/share/nvim/runtime/plugin/rplugin.vim
091.078  000.185  000.185: sourcing /opt/homebrew/Cellar/neovim/0.12.0/share/nvim/runtime/plugin/tarPlugin.vim
091.259  000.132  000.132: sourcing /opt/homebrew/Cellar/neovim/0.12.0/share/nvim/runtime/plugin/tutor.vim
091.399  000.093  000.093: sourcing /opt/homebrew/Cellar/neovim/0.12.0/share/nvim/runtime/plugin/zipPlugin.vim
091.511  000.064  000.064: sourcing /opt/homebrew/Cellar/neovim/0.12.0/share/nvim/runtime/plugin/editorconfig.lua
091.643  000.087  000.087: sourcing /opt/homebrew/Cellar/neovim/0.12.0/share/nvim/runtime/plugin/man.lua
091.799  000.108  000.108: sourcing /opt/homebrew/Cellar/neovim/0.12.0/share/nvim/runtime/plugin/net.lua
091.951  000.106  000.106: sourcing /opt/homebrew/Cellar/neovim/0.12.0/share/nvim/runtime/plugin/osc52.lua
092.143  000.146  000.146: sourcing /opt/homebrew/Cellar/neovim/0.12.0/share/nvim/runtime/plugin/shada.lua
092.243  000.049  000.049: sourcing /opt/homebrew/Cellar/neovim/0.12.0/share/nvim/runtime/plugin/spellfile.lua
092.267  006.205: loading rtp plugins
092.536  000.269: loading packages
092.537  000.002: loading after plugins
092.546  000.009: inits 3
094.178  001.632: reading ShaDa
094.249  000.070: opening buffers
094.263  000.014: BufEnter autocommands
094.265  000.001: editing files in windows
094.888  000.572  000.572: require('nvim-treesitter.config')
100.044  004.338  004.338: sourcing /opt/homebrew/Cellar/neovim/0.12.0/share/nvim/runtime/pack/dist/opt/netrw/autoload/netrw.vim
100.631  000.322  000.322: sourcing /opt/homebrew/Cellar/neovim/0.12.0/share/nvim/runtime/pack/dist/opt/netrw/autoload/netrw/fs.vim
101.474  000.149  000.149: sourcing /Users/artur.carvalho/.local/state/nvim/netrw/.netrwhist
103.778  001.393  001.393: require('vim.filetype')
106.077  002.088  002.088: require('vim.filetype.detect')
112.724  000.331  000.331: sourcing /opt/homebrew/Cellar/neovim/0.12.0/share/nvim/runtime/pack/dist/opt/netrw/syntax/netrw.vim
115.673  000.149  000.149: sourcing /opt/homebrew/Cellar/neovim/0.12.0/share/nvim/runtime/pack/dist/opt/netrw/syntax/netrw.vim
117.389  000.398  000.398: sourcing /opt/homebrew/Cellar/neovim/0.12.0/share/nvim/runtime/autoload/provider/clipboard.vim
120.285  000.693  000.693: require('vim.lsp.client')
121.929  000.142  000.142: sourcing /opt/homebrew/Cellar/neovim/0.12.0/share/nvim/runtime/pack/dist/opt/netrw/syntax/netrw.vim
121.996  017.155: VimEnter autocommands
122.012  000.015: UIEnter autocommands
122.013  000.002: before starting main loop
122.640  000.006  000.006: require('vim._core.util')
122.685  000.666: first screen update
122.686  000.001: --- NVIM STARTED ---

